Library/PramData/AndroidApplicationController/Cache/com.DefaultCompany.ISL/gradle-project/unityLibrary/build/intermediates/manifest_merge_blame_file/debug/manifest-merger-blame-debug-report.txt
1<?xml version="1.0" encoding="utf-8"?>
2<manifest xmlns:android="http://schemas.android.com/apk/res/android"
3    xmlns:tools="http://schemas.android.com/tools"
4    package="com.unity3d.player" >
5
6    <uses-sdk android:minSdkVersion="25" />
6-->src/main/AndroidManifest.xml
7
8    <uses-feature android:glEsVersion="0x00030000" />
8-->src/main/AndroidManifest.xml:20:3-52
8-->src/main/AndroidManifest.xml:20:17-49
9
10    <uses-permission android:name="android.permission.INTERNET" />
10-->src/main/AndroidManifest.xml:21:3-65
10-->src/main/AndroidManifest.xml:21:20-62
11
12    <uses-feature
12-->src/main/AndroidManifest.xml:22:3-88
13        android:name="android.hardware.touchscreen"
13-->src/main/AndroidManifest.xml:22:17-60
14        android:required="false" />
14-->src/main/AndroidManifest.xml:22:61-85
15    <uses-feature
15-->src/main/AndroidManifest.xml:23:3-99
16        android:name="android.hardware.touchscreen.multitouch"
16-->src/main/AndroidManifest.xml:23:17-71
17        android:required="false" />
17-->src/main/AndroidManifest.xml:23:72-96
18    <uses-feature
18-->src/main/AndroidManifest.xml:24:3-108
19        android:name="android.hardware.touchscreen.multitouch.distinct"
19-->src/main/AndroidManifest.xml:24:17-80
20        android:required="false" />
20-->src/main/AndroidManifest.xml:24:81-105
21
22    <uses-permission android:name="android.permission.CAMERA" />
22-->src/main/AndroidManifest.xml:25:3-63
22-->src/main/AndroidManifest.xml:25:20-60
23
24    <uses-feature
24-->src/main/AndroidManifest.xml:26:3-85
25        android:name="android.hardware.camera.ar"
25-->src/main/AndroidManifest.xml:26:17-58
26        android:required="true" />
26-->src/main/AndroidManifest.xml:26:59-82
27    <uses-feature
27-->src/main/AndroidManifest.xml:27:3-83
28        android:name="com.google.ar.core.depth"
28-->src/main/AndroidManifest.xml:27:17-56
29        android:required="true" />
29-->src/main/AndroidManifest.xml:27:57-80
30
31    <application android:extractNativeLibs="true" >
31-->src/main/AndroidManifest.xml:3:3-19:17
31-->src/main/AndroidManifest.xml:3:16-48
32        <activity
32-->src/main/AndroidManifest.xml:4:5-11:16
33            android:name="com.unity3d.player.UnityPlayerActivity"
33-->src/main/AndroidManifest.xml:4:15-68
34            android:configChanges="mcc|mnc|locale|touchscreen|keyboard|keyboardHidden|navigation|orientation|screenLayout|uiMode|screenSize|smallestScreenSize|fontScale|layoutDirection|density"
34-->src/main/AndroidManifest.xml:4:180-361
35            android:exported="true"
35-->src/main/AndroidManifest.xml:4:433-456
36            android:hardwareAccelerated="false"
36-->src/main/AndroidManifest.xml:4:397-432
37            android:launchMode="singleTask"
37-->src/main/AndroidManifest.xml:4:148-179
38            android:resizeableActivity="false"
38-->src/main/AndroidManifest.xml:4:362-396
39            android:screenOrientation="fullUser"
39-->src/main/AndroidManifest.xml:4:111-147
40            android:theme="@style/UnityThemeSelector" >
40-->src/main/AndroidManifest.xml:4:69-110
41            <intent-filter>
41-->src/main/AndroidManifest.xml:5:7-8:23
42                <action android:name="android.intent.action.MAIN" />
42-->src/main/AndroidManifest.xml:6:9-61
42-->src/main/AndroidManifest.xml:6:17-58
43
44                <category android:name="android.intent.category.LAUNCHER" />
44-->src/main/AndroidManifest.xml:7:9-69
44-->src/main/AndroidManifest.xml:7:19-66
45            </intent-filter>
46
47            <meta-data
47-->src/main/AndroidManifest.xml:9:7-82
48                android:name="unityplayer.UnityActivity"
48-->src/main/AndroidManifest.xml:9:18-58
49                android:value="true" />
49-->src/main/AndroidManifest.xml:9:59-79
50            <meta-data
50-->src/main/AndroidManifest.xml:10:7-78
51                android:name="android.notch_support"
51-->src/main/AndroidManifest.xml:10:18-54
52                android:value="true" />
52-->src/main/AndroidManifest.xml:10:55-75
53        </activity>
54
55        <meta-data
55-->src/main/AndroidManifest.xml:12:5-69
56            android:name="unity.splash-mode"
56-->src/main/AndroidManifest.xml:12:16-48
57            android:value="0" />
57-->src/main/AndroidManifest.xml:12:49-66
58        <meta-data
58-->src/main/AndroidManifest.xml:13:5-74
59            android:name="unity.splash-enable"
59-->src/main/AndroidManifest.xml:13:16-50
60            android:value="True" />
60-->src/main/AndroidManifest.xml:13:51-71
61        <meta-data
61-->src/main/AndroidManifest.xml:14:5-78
62            android:name="unity.launch-fullscreen"
62-->src/main/AndroidManifest.xml:14:16-54
63            android:value="True" />
63-->src/main/AndroidManifest.xml:14:55-75
64        <meta-data
64-->src/main/AndroidManifest.xml:15:5-81
65            android:name="notch.config"
65-->src/main/AndroidManifest.xml:15:16-43
66            android:value="portrait|landscape" />
66-->src/main/AndroidManifest.xml:15:44-78
67        <meta-data
67-->src/main/AndroidManifest.xml:16:5-84
68            android:name="unity.auto-report-fully-drawn"
68-->src/main/AndroidManifest.xml:16:16-60
69            android:value="true" />
69-->src/main/AndroidManifest.xml:16:61-81
70        <meta-data
70-->src/main/AndroidManifest.xml:17:5-88
71            android:name="unityplayer.SkipPermissionsDialog"
71-->src/main/AndroidManifest.xml:17:16-64
72            android:value="true" />
72-->src/main/AndroidManifest.xml:17:65-85
73        <meta-data
73-->src/main/AndroidManifest.xml:18:5-77
74            android:name="com.google.ar.core"
74-->src/main/AndroidManifest.xml:18:16-49
75            android:value="required" />
75-->src/main/AndroidManifest.xml:18:50-74
76    </application>
77
78</manifest>